<?xml version="1.0" encoding="UTF-8"?>
<!-- Generated by org.testng.reporters.JUnitReportReporter -->
<testsuite hostname="LAPTOP-CQ5F5C01" failures="0" tests="1" name="testPages.TestLoginPage" time="10.302" errors="0" timestamp="2023-03-05T15:26:03 IST" skipped="0">
  <testcase classname="testPages.TestLoginPage" name="testLoginPage" time="10.302"/>
  <system-out/>
</testsuite> <!-- testPages.TestLoginPage -->
