<?xml version="1.0" encoding="UTF-8"?>
<!-- Generated by org.testng.reporters.JUnitReportReporter -->
<testsuite hostname="LAPTOP-CQ5F5C01" failures="0" tests="1" name="testPages.TestMenPage" time="18.654" errors="0" timestamp="2023-03-06T15:38:46 IST" skipped="0">
  <testcase classname="testPages.TestMenPage" name="testDropdown" time="18.654"/>
  <system-out/>
</testsuite> <!-- testPages.TestMenPage -->
